<?xml version="1.0" encoding="UTF-8"?>
<testsuite name="com.pluralsight.security.TestReadWriteBytes" tests="3" skipped="0" failures="0" errors="0" timestamp="2019-10-21T17:29:42" hostname="BLRJPT6350D" time="0.059">
  <properties/>
  <testcase name="testReadBytes" classname="com.pluralsight.security.TestReadWriteBytes" time="0.014"/>
  <testcase name="testWriteBytes" classname="com.pluralsight.security.TestReadWriteBytes" time="0.001"/>
  <testcase name="testWriteBytesEncoded" classname="com.pluralsight.security.TestReadWriteBytes" time="0.044"/>
  <system-out><![CDATA[]]></system-out>
  <system-err><![CDATA[]]></system-err>
</testsuite>
