<?xml version="1.0" encoding="UTF-8"?>
<testsuite name="com.pluralsight.security.TestSign" tests="8" skipped="0" failures="0" errors="0" timestamp="2019-10-21T17:29:42" hostname="BLRJPT6350D" time="0.075">
  <properties/>
  <testcase name="testLoadKeystore" classname="com.pluralsight.security.TestSign" time="0.045"/>
  <testcase name="testLoadPrivateKey" classname="com.pluralsight.security.TestSign" time="0.002"/>
  <testcase name="testLoadPrivateKeyInvalidPassword" classname="com.pluralsight.security.TestSign" time="0.001"/>
  <testcase name="testCreateSignature" classname="com.pluralsight.security.TestSign" time="0.002"/>
  <testcase name="testSignData" classname="com.pluralsight.security.TestSign" time="0.02"/>
  <testcase name="testVerifyData" classname="com.pluralsight.security.TestSign" time="0.004"/>
  <testcase name="testParseArgs" classname="com.pluralsight.security.TestSign" time="0.0"/>
  <testcase name="testParseArgsDefaults" classname="com.pluralsight.security.TestSign" time="0.0"/>
  <system-out><![CDATA[]]></system-out>
  <system-err><![CDATA[]]></system-err>
</testsuite>
