<?xml version="1.0" encoding="UTF-8"?>
<testsuite name="com.pluralsight.security.TestResizeArray" tests="1" skipped="0" failures="0" errors="0" timestamp="2019-10-21T17:29:42" hostname="BLRJPT6350D" time="0.0">
  <properties/>
  <testcase name="testArrayResize" classname="com.pluralsight.security.TestResizeArray" time="0.0"/>
  <system-out><![CDATA[]]></system-out>
  <system-err><![CDATA[]]></system-err>
</testsuite>
